<?xml version="1.0" encoding="UTF-8"?>
<!-- Generated by org.testng.reporters.JUnitXMLReporter -->
<testsuite hostname="LAPTOP-08JOA6UU" name="Default test" tests="4" failures="0" timestamp="12 Jul 2022 11:07:47 GMT" time="68.899" errors="0">
  <testcase name="testGmail" time="7.506" classname="org.test.QATestClass"/>
  <testcase name="testGmail" time="22.712" classname="org.test.QATestClass"/>
  <testcase name="testGmail" time="18.961" classname="org.test.QATestClass"/>
  <testcase name="testeBay" time="5.238" classname="org.test.QATestClass"/>
</testsuite> <!-- Default test -->
