<?xml version="1.0" encoding="UTF-8"?>
<testng-results skipped="0" failed="0" total="4" passed="4">
  <reporter-output>
  </reporter-output>
  <suite name="Default suite" duration-ms="68899" started-at="2022-07-12T11:06:38Z" finished-at="2022-07-12T11:07:47Z">
    <groups>
    </groups>
    <test name="Default test" duration-ms="68899" started-at="2022-07-12T11:06:38Z" finished-at="2022-07-12T11:07:47Z">
      <class name="org.test.QATestClass">
        <test-method status="PASS" signature="browserLaunch()[pri:0, instance:org.test.QATestClass@192d43ce]" name="browserLaunch" is-config="true" duration-ms="4105" started-at="2022-07-12T16:36:38Z" finished-at="2022-07-12T16:36:42Z">
          <reporter-output>
          </reporter-output>
        </test-method> <!-- browserLaunch -->
        <test-method status="PASS" signature="testGmail(java.lang.String, java.lang.String, java.lang.String)[pri:0, instance:org.test.QATestClass@192d43ce]" name="testGmail" duration-ms="7506" started-at="2022-07-12T16:36:42Z" data-provider="credentials" finished-at="2022-07-12T16:36:50Z">
          <params>
            <param index="0">
              <value>
                <![CDATA[ragule19@gmail.com]]>
              </value>
            </param>
            <param index="1">
              <value>
                <![CDATA[Time@2810$]]>
              </value>
            </param>
            <param index="2">
              <value>
                <![CDATA[Valid Scenario]]>
              </value>
            </param>
          </params>
          <reporter-output>
          </reporter-output>
        </test-method> <!-- testGmail -->
        <test-method status="PASS" signature="aftermethod()[pri:0, instance:org.test.QATestClass@192d43ce]" name="aftermethod" is-config="true" duration-ms="813" started-at="2022-07-12T16:36:50Z" finished-at="2022-07-12T16:36:51Z">
          <reporter-output>
          </reporter-output>
        </test-method> <!-- aftermethod -->
        <test-method status="PASS" signature="browserLaunch()[pri:0, instance:org.test.QATestClass@192d43ce]" name="browserLaunch" is-config="true" duration-ms="2565" started-at="2022-07-12T16:36:51Z" finished-at="2022-07-12T16:36:53Z">
          <reporter-output>
          </reporter-output>
        </test-method> <!-- browserLaunch -->
        <test-method status="PASS" signature="testGmail(java.lang.String, java.lang.String, java.lang.String)[pri:0, instance:org.test.QATestClass@192d43ce]" name="testGmail" duration-ms="22712" started-at="2022-07-12T16:36:53Z" data-provider="credentials" finished-at="2022-07-12T16:37:16Z">
          <params>
            <param index="0">
              <value>
                <![CDATA[@ragule19@gmail.com]]>
              </value>
            </param>
            <param index="1">
              <value>
                <![CDATA[Time@2810$]]>
              </value>
            </param>
            <param index="2">
              <value>
                <![CDATA[invalid Email]]>
              </value>
            </param>
          </params>
          <reporter-output>
          </reporter-output>
        </test-method> <!-- testGmail -->
        <test-method status="PASS" signature="aftermethod()[pri:0, instance:org.test.QATestClass@192d43ce]" name="aftermethod" is-config="true" duration-ms="646" started-at="2022-07-12T16:37:16Z" finished-at="2022-07-12T16:37:16Z">
          <reporter-output>
          </reporter-output>
        </test-method> <!-- aftermethod -->
        <test-method status="PASS" signature="browserLaunch()[pri:0, instance:org.test.QATestClass@192d43ce]" name="browserLaunch" is-config="true" duration-ms="2494" started-at="2022-07-12T16:37:16Z" finished-at="2022-07-12T16:37:19Z">
          <reporter-output>
          </reporter-output>
        </test-method> <!-- browserLaunch -->
        <test-method status="PASS" signature="testGmail(java.lang.String, java.lang.String, java.lang.String)[pri:0, instance:org.test.QATestClass@192d43ce]" name="testGmail" duration-ms="18961" started-at="2022-07-12T16:37:19Z" data-provider="credentials" finished-at="2022-07-12T16:37:38Z">
          <params>
            <param index="0">
              <value>
                <![CDATA[ragule19@gmail.com]]>
              </value>
            </param>
            <param index="1">
              <value>
                <![CDATA[Ti#me@2810$]]>
              </value>
            </param>
            <param index="2">
              <value>
                <![CDATA[Incorrect password]]>
              </value>
            </param>
          </params>
          <reporter-output>
          </reporter-output>
        </test-method> <!-- testGmail -->
        <test-method status="PASS" signature="aftermethod()[pri:0, instance:org.test.QATestClass@192d43ce]" name="aftermethod" is-config="true" duration-ms="633" started-at="2022-07-12T16:37:38Z" finished-at="2022-07-12T16:37:39Z">
          <reporter-output>
          </reporter-output>
        </test-method> <!-- aftermethod -->
        <test-method status="PASS" signature="browserLaunch()[pri:0, instance:org.test.QATestClass@192d43ce]" name="browserLaunch" is-config="true" duration-ms="2478" started-at="2022-07-12T16:37:39Z" finished-at="2022-07-12T16:37:41Z">
          <reporter-output>
          </reporter-output>
        </test-method> <!-- browserLaunch -->
        <test-method status="PASS" signature="testeBay()[pri:0, instance:org.test.QATestClass@192d43ce]" name="testeBay" duration-ms="5238" started-at="2022-07-12T16:37:41Z" finished-at="2022-07-12T16:37:46Z">
          <reporter-output>
          </reporter-output>
        </test-method> <!-- testeBay -->
        <test-method status="PASS" signature="aftermethod()[pri:0, instance:org.test.QATestClass@192d43ce]" name="aftermethod" is-config="true" duration-ms="726" started-at="2022-07-12T16:37:46Z" finished-at="2022-07-12T16:37:47Z">
          <reporter-output>
          </reporter-output>
        </test-method> <!-- aftermethod -->
      </class> <!-- org.test.QATestClass -->
    </test> <!-- Default test -->
  </suite> <!-- Default suite -->
</testng-results>
